<?xml version="1.0" encoding="utf-8"?><testsuites name="pytest tests"><testsuite name="pytest" errors="0" failures="0" skipped="0" tests="66" time="32.742" timestamp="2026-07-04T09:28:26.504515+00:00" hostname="agent-env-d6112d11-af41-4623-bef9-c4eba41a0573"><testcase classname="tests.test_kpi.TestKpiCrud" name="test_admin_create_kpi_source_manual" time="1.280" /><testcase classname="tests.backend_test.TestTenantIsolation" name="test_second_admin_cannot_see_tenant1_events" time="1.368" /><testcase classname="tests.backend_test.TestTenantIsolation" name="test_second_admin_cannot_get_tenant1_event" time="0.246" /><testcase classname="tests.backend_test.TestTenantIsolation" name="test_second_admin_cannot_patch_tenant1_event" time="0.094" /><testcase classname="tests.backend_test.TestTenantIsolation" name="test_second_admin_cannot_delete_tenant1_event" time="0.273" /><testcase classname="tests.test_kpi.TestKpiCrud" name="test_marketing_can_create_kpi" time="0.794" /><testcase classname="tests.backend_test.TestTenantIsolation" name="test_second_admin_audit_logs_scoped" time="0.184" /><testcase classname="tests.backend_test.TestTenantIsolation" name="test_second_admin_cannot_see_tenant1_llm_keys" time="0.705" /><testcase classname="tests.test_kpi.TestKpiCrud" name="test_sales_cannot_create_kpi" time="0.751" /><testcase classname="tests.test_kpi.TestKpiCrud" name="test_viewer_cannot_create_kpi" time="0.975" /><testcase classname="tests.test_kpi.TestKpiValidation" name="test_negative_value_rejected" time="0.957" /><testcase classname="tests.test_kpi.TestKpiCrud" name="test_sales_can_get_kpis" time="0.094" /><testcase classname="tests.test_kpi.TestKpiValidation" name="test_unknown_channel_rejected" time="0.091" /><testcase classname="tests.test_kpi.TestKpiCrud" name="test_viewer_can_get_kpis" time="0.096" /><testcase classname="tests.test_kpi.TestKpiValidation" name="test_unknown_source_type_filter_rejected" time="0.093" /><testcase classname="tests.test_kpi.TestKpiCrud" name="test_patch_kpi_audit" time="0.288" /><testcase classname="tests.test_kpi.TestKpiValidation" name="test_all_zero_without_notes_rejected" time="0.095" /><testcase classname="tests.test_kpi.TestKpiValidation" name="test_all_zero_with_notes_accepted" time="0.195" /><testcase classname="tests.test_kpi.TestKpiCrud" name="test_delete_kpi_admin_only" time="0.991" /><testcase classname="tests.backend_test.TestPosts" name="test_create_post_zero_metrics" time="0.270" /><testcase classname="tests.backend_test.TestPosts" name="test_list_posts_still_zero" time="0.098" /><testcase classname="tests.backend_test.TestPosts" name="test_patch_post_manual_reach_sets_source" time="0.138" /><testcase classname="tests.backend_test.TestPosts" name="test_patch_post_approve" time="0.096" /><testcase classname="tests.backend_test.TestAuditLogs" name="test_login_success_recorded" time="0.472" /><testcase classname="tests.backend_test.TestAuditLogs" name="test_login_failure_recorded" time="0.579" /><testcase classname="tests.backend_test.TestAuth" name="test_login_and_me" time="0.597" /><testcase classname="tests.backend_test.TestAuth" name="test_jwt_contains_tenant_id" time="0.000" /><testcase classname="tests.backend_test.TestAuth" name="test_login_bad_credentials" time="0.347" /><testcase classname="tests.backend_test.TestAuditLogs" name="test_event_and_integration_audit" time="0.259" /><testcase classname="tests.backend_test.TestAuth" name="test_me_without_token" time="0.096" /><testcase classname="tests.backend_test.TestAuditLogs" name="test_audit_never_contains_secret" time="0.328" /><testcase classname="tests.backend_test.TestEvents" name="test_list_events" time="0.187" /><testcase classname="tests.backend_test.TestEvents" name="test_get_event" time="0.101" /><testcase classname="tests.backend_test.TestLLMKeys" name="test_add_llm_key_masked" time="0.100" /><testcase classname="tests.backend_test.TestEvents" name="test_patch_event" time="0.097" /><testcase classname="tests.backend_test.TestLLMKeys" name="test_list_llm_keys_never_raw" time="0.099" /><testcase classname="tests.backend_test.TestIntegrations" name="test_add_integration_credential_saved" time="0.100" /><testcase classname="tests.backend_test.TestLLMKeys" name="test_delete_llm_key" time="0.094" /><testcase classname="tests.backend_test.TestIntegrations" name="test_reject_invalid_kind" time="0.089" /><testcase classname="tests.backend_test.TestUsersRBAC" name="test_admin_create_user_audit_no_password" time="0.417" /><testcase classname="tests.backend_test.TestIntegrations" name="test_delete_integration" time="0.276" /><testcase classname="tests.backend_test.TestUsersRBAC" name="test_non_admin_cannot_list_audit_logs" time="0.701" /><testcase classname="tests.backend_test.TestDashboardsHonest" name="test_global_dashboard_no_verified" time="0.888" /><testcase classname="tests.backend_test.TestUsersRBAC" name="test_admin_delete_user" time="0.136" /><testcase classname="tests.backend_test.TestDashboardsHonest" name="test_event_dashboard_no_verified" time="0.102" /><testcase classname="tests.backend_test.TestDashboardsHonest" name="test_global_verified_after_kpi_record" time="0.382" /><testcase classname="tests.test_kpi.TestKpiTenantIsolation" name="test_tenant_a_cannot_get_tenant_b_kpi" time="1.359" /><testcase classname="tests.test_kpi.TestKpiCsv" name="test_dry_run_mixed" time="1.194" /><testcase classname="tests.test_kpi.TestKpiTenantIsolation" name="test_tenant_a_cannot_reference_tenant_b_campaign" time="0.318" /><testcase classname="tests.test_kpi.TestKpiCsv" name="test_import_atomic_reject" time="0.443" /><testcase classname="tests.test_kpi.TestKpiTenantIsolation" name="test_global_dashboard_scoped_by_tenant" time="0.207" /><testcase classname="tests.test_kpi.TestKpiDashboards" name="test_no_verified_metrics_status" time="0.094" /><testcase classname="tests.test_kpi.TestKpiDashboards" name="test_event_dashboard_aggregations_and_rates" time="0.537" /><testcase classname="tests.test_kpi.TestKpiCsv" name="test_import_happy_path" time="0.441" /><testcase classname="tests.test_kpi.TestKpiDashboards" name="test_divide_by_zero_returns_zero" time="20.773" /><testcase classname="tests.backend_test.TestCampaigns" name="test_list_campaigns_by_event" time="0.249" /><testcase classname="tests.backend_test.TestCampaigns" name="test_patch_campaign" time="0.105" /><testcase classname="tests.backend_test.TestCORS" name="test_evil_origin_not_allowed" time="0.002" /><testcase classname="tests.backend_test.TestCORS" name="test_localhost_origin_allowed" time="0.001" /><testcase classname="tests.backend_test.TestEnvValidation" name="test_env_no_wildcard_cors" time="0.000" /><testcase classname="tests.backend_test.TestEnvValidation" name="test_server_source_validates_required_env" time="0.001" /><testcase classname="tests.backend_test.TestZCleanup" name="test_delete_campaign" time="3.235" /><testcase classname="tests.backend_test.TestZCleanup" name="test_delete_event" time="0.100" /><testcase classname="tests.test_kpi.TestKpiAuditSanitization" name="test_notes_secret_redacted" time="0.832" /><testcase classname="tests.backend_test.TestSocial" name="test_add_social_masked" time="0.097" /><testcase classname="tests.backend_test.TestSocial" name="test_delete_social" time="0.102" /></testsuite></testsuites>