<?xml version="1.0" encoding="utf-8"?><testsuites name="pytest tests"><testsuite name="pytest" errors="0" failures="0" skipped="0" tests="96" time="23.804" timestamp="2026-07-04T09:52:28.927045+00:00" hostname="agent-env-d6112d11-af41-4623-bef9-c4eba41a0573"><testcase classname="tests.test_kpi.TestKpiCrud" name="test_admin_create_kpi_source_manual" time="2.136" /><testcase classname="tests.backend_test.TestTenantIsolation" name="test_second_admin_cannot_see_tenant1_events" time="2.510" /><testcase classname="tests.backend_test.TestTenantIsolation" name="test_second_admin_cannot_get_tenant1_event" time="0.314" /><testcase classname="tests.test_kpi.TestKpiCrud" name="test_marketing_can_create_kpi" time="0.786" /><testcase classname="tests.backend_test.TestTenantIsolation" name="test_second_admin_cannot_patch_tenant1_event" time="0.107" /><testcase classname="tests.backend_test.TestTenantIsolation" name="test_second_admin_cannot_delete_tenant1_event" time="0.307" /><testcase classname="tests.backend_test.TestTenantIsolation" name="test_second_admin_audit_logs_scoped" time="0.414" /><testcase classname="tests.test_kpi.TestKpiCrud" name="test_sales_cannot_create_kpi" time="0.735" /><testcase classname="tests.backend_test.TestTenantIsolation" name="test_second_admin_cannot_see_tenant1_llm_keys" time="0.679" /><testcase classname="tests.test_kpi.TestKpiCrud" name="test_viewer_cannot_create_kpi" time="0.992" /><testcase classname="tests.test_kpi.TestKpiCrud" name="test_sales_can_get_kpis" time="0.109" /><testcase classname="tests.test_kpi.TestKpiCrud" name="test_viewer_can_get_kpis" time="0.138" /><testcase classname="tests.test_kpi.TestKpiCrud" name="test_patch_kpi_audit" time="0.340" /><testcase classname="tests.test_kpi.TestKpiValidation" name="test_negative_value_rejected" time="0.756" /><testcase classname="tests.test_kpi.TestKpiValidation" name="test_unknown_channel_rejected" time="0.191" /><testcase classname="tests.test_kpi.TestKpiCrud" name="test_delete_kpi_admin_only" time="0.722" /><testcase classname="tests.test_kpi.TestKpiValidation" name="test_unknown_source_type_filter_rejected" time="0.093" /><testcase classname="tests.test_kpi.TestKpiValidation" name="test_all_zero_without_notes_rejected" time="0.136" /><testcase classname="tests.test_kpi.TestKpiValidation" name="test_all_zero_with_notes_accepted" time="0.199" /><testcase classname="tests.backend_test.TestPosts" name="test_create_post_zero_metrics" time="0.187" /><testcase classname="tests.backend_test.TestPosts" name="test_list_posts_still_zero" time="0.131" /><testcase classname="tests.backend_test.TestPosts" name="test_patch_post_manual_reach_sets_source" time="0.257" /><testcase classname="tests.backend_test.TestPosts" name="test_patch_post_approve" time="0.101" /><testcase classname="tests.backend_test.TestAuth" name="test_login_and_me" time="0.500" /><testcase classname="tests.backend_test.TestAuditLogs" name="test_login_success_recorded" time="0.606" /><testcase classname="tests.backend_test.TestAuth" name="test_jwt_contains_tenant_id" time="0.000" /><testcase classname="tests.backend_test.TestAuth" name="test_login_bad_credentials" time="0.516" /><testcase classname="tests.backend_test.TestAuth" name="test_me_without_token" time="0.092" /><testcase classname="tests.backend_test.TestAuditLogs" name="test_login_failure_recorded" time="0.666" /><testcase classname="tests.backend_test.TestAuditLogs" name="test_event_and_integration_audit" time="0.144" /><testcase classname="tests.backend_test.TestAuditLogs" name="test_audit_never_contains_secret" time="0.372" /><testcase classname="tests.test_ghl.TestMappingRbac" name="test_sales_cannot_create" time="1.928" /><testcase classname="tests.test_ghl.TestMappingRbac" name="test_viewer_cannot_create" time="0.964" /><testcase classname="tests.test_ghl.TestPullSyncRbac" name="test_sales_forbidden" time="2.302" /><testcase classname="tests.test_ghl.TestMappingRbac" name="test_marketing_can_create" time="0.906" /><testcase classname="tests.test_ghl.TestMappingRbac" name="test_admin_can_create" time="0.002" /><testcase classname="tests.backend_test.TestEvents" name="test_list_events" time="0.289" /><testcase classname="tests.backend_test.TestEvents" name="test_get_event" time="0.116" /><testcase classname="tests.test_ghl.TestPullSyncRbac" name="test_viewer_forbidden" time="0.727" /><testcase classname="tests.backend_test.TestEvents" name="test_patch_event" time="0.134" /><testcase classname="tests.backend_test.TestLLMKeys" name="test_add_llm_key_masked" time="0.117" /><testcase classname="tests.backend_test.TestLLMKeys" name="test_list_llm_keys_never_raw" time="0.131" /><testcase classname="tests.backend_test.TestLLMKeys" name="test_delete_llm_key" time="0.117" /><testcase classname="tests.backend_test.TestUsersRBAC" name="test_admin_create_user_audit_no_password" time="0.458" /><testcase classname="tests.test_ghl.TestPullSyncRbac" name="test_marketing_allowed" time="0.615" /><testcase classname="tests.test_ghl.TestPullSyncRbac" name="test_admin_allowed" time="0.002" /><testcase classname="tests.backend_test.TestIntegrations" name="test_add_integration_credential_saved" time="0.302" /><testcase classname="tests.backend_test.TestIntegrations" name="test_reject_invalid_kind" time="0.096" /><testcase classname="tests.backend_test.TestIntegrations" name="test_delete_integration" time="0.091" /><testcase classname="tests.backend_test.TestUsersRBAC" name="test_non_admin_cannot_list_audit_logs" time="0.496" /><testcase classname="tests.backend_test.TestDashboardsHonest" name="test_global_dashboard_no_verified" time="0.244" /><testcase classname="tests.backend_test.TestDashboardsHonest" name="test_event_dashboard_no_verified" time="0.098" /><testcase classname="tests.backend_test.TestDashboardsHonest" name="test_global_verified_after_kpi_record" time="0.237" /><testcase classname="tests.backend_test.TestUsersRBAC" name="test_admin_delete_user" time="0.144" /><testcase classname="tests.test_ghl.TestMappingValidation" name="test_bogus_target_value" time="0.002" /><testcase classname="tests.test_ghl.TestMappingValidation" name="test_bogus_direction" time="0.002" /><testcase classname="tests.test_ghl.TestMappingValidation" name="test_missing_ghl_name_for_tag" time="0.001" /><testcase classname="tests.test_ghl.TestPullPreviewRbac" name="test_viewer_forbidden" time="0.002" /><testcase classname="tests.test_ghl.TestPullPreviewRbac" name="test_sales_allowed" time="0.003" /><testcase classname="tests.test_ghl.TestPullPreviewRbac" name="test_marketing_allowed" time="0.002" /><testcase classname="tests.test_kpi.TestKpiCsv" name="test_dry_run_mixed" time="1.501" /><testcase classname="tests.test_kpi.TestKpiTenantIsolation" name="test_tenant_a_cannot_get_tenant_b_kpi" time="1.358" /><testcase classname="tests.test_kpi.TestKpiCsv" name="test_import_atomic_reject" time="0.489" /><testcase classname="tests.test_kpi.TestKpiTenantIsolation" name="test_tenant_a_cannot_reference_tenant_b_campaign" time="0.363" /><testcase classname="tests.test_kpi.TestKpiTenantIsolation" name="test_global_dashboard_scoped_by_tenant" time="0.229" /><testcase classname="tests.test_kpi.TestKpiDashboards" name="test_no_verified_metrics_status" time="0.103" /><testcase classname="tests.test_kpi.TestKpiCsv" name="test_import_happy_path" time="2.522" /><testcase classname="tests.test_kpi.TestKpiDashboards" name="test_event_dashboard_aggregations_and_rates" time="2.621" /><testcase classname="tests.backend_test.TestCampaigns" name="test_list_campaigns_by_event" time="0.096" /><testcase classname="tests.backend_test.TestCampaigns" name="test_patch_campaign" time="0.095" /><testcase classname="tests.test_kpi.TestKpiDashboards" name="test_divide_by_zero_returns_zero" time="1.073" /><testcase classname="tests.backend_test.TestCORS" name="test_evil_origin_not_allowed" time="0.002" /><testcase classname="tests.backend_test.TestCORS" name="test_localhost_origin_allowed" time="0.001" /><testcase classname="tests.backend_test.TestEnvValidation" name="test_env_no_wildcard_cors" time="0.000" /><testcase classname="tests.backend_test.TestEnvValidation" name="test_server_source_validates_required_env" time="0.001" /><testcase classname="tests.backend_test.TestZCleanup" name="test_delete_campaign" time="0.093" /><testcase classname="tests.backend_test.TestZCleanup" name="test_delete_event" time="0.135" /><testcase classname="tests.test_ghl.TestGhlStatus" name="test_status_without_integration" time="0.008" /><testcase classname="tests.test_ghl.TestGhlStatus" name="test_status_after_integration_added" time="0.007" /><testcase classname="tests.test_ghl.TestPullPreviewBlocked" name="test_blocked_no_credential" time="0.004" /><testcase classname="tests.test_ghl.TestPullPreviewBlocked" name="test_blocked_when_read_sync_disabled" time="0.004" /><testcase classname="tests.test_ghl.TestWriteBackBlocked" name="test_blocked_no_credential" time="0.010" /><testcase classname="tests.test_ghl.TestWriteBackBlocked" name="test_blocked_when_lead_is_local" time="0.007" /><testcase classname="tests.test_ghl.TestSecretSanitizationAndDashboards" name="test_secret_never_in_audit_or_integrations" time="0.009" /><testcase classname="tests.test_ghl.TestSecretSanitizationAndDashboards" name="test_dashboards_include_ghl_fields" time="0.007" /><testcase classname="tests.test_ghl.TestMappingTenantIsolation" name="test_tenant_isolation" time="0.006" /><testcase classname="tests.test_ghl.TestMappingStatusTransitions" name="test_transitions" time="0.010" /><testcase classname="tests.test_ghl.TestPullPreviewHappy" name="test_happy_path" time="0.047" /><testcase classname="tests.test_ghl.TestPullSyncHappy" name="test_insert_then_update" time="0.069" /><testcase classname="tests.test_ghl.TestPullSyncEmailFallback" name="test_email_fallback" time="0.031" /><testcase classname="tests.test_ghl.TestPullSyncTenantIsolation" name="test_tenant_isolation" time="0.017" /><testcase classname="tests.test_ghl.TestPullSyncPurchaseOverride" name="test_purchase_override" time="0.011" /><testcase classname="tests.test_ghl.TestWriteBackHappy" name="test_happy_path" time="0.059" /><testcase classname="tests.backend_test.TestSocial" name="test_add_social_masked" time="0.091" /><testcase classname="tests.test_kpi.TestKpiAuditSanitization" name="test_notes_secret_redacted" time="0.880" /><testcase classname="tests.backend_test.TestSocial" name="test_delete_social" time="0.104" /></testsuite></testsuites>