<?xml version="1.0" encoding="utf-8"?><testsuites name="pytest tests"><testsuite name="pytest" errors="0" failures="2" skipped="0" tests="23" time="8.122" timestamp="2026-07-04T09:27:49.388205+00:00" hostname="agent-env-d6112d11-af41-4623-bef9-c4eba41a0573"><testcase classname="tests.test_kpi.TestKpiValidation" name="test_negative_value_rejected" time="0.896" /><testcase classname="tests.test_kpi.TestKpiCrud" name="test_admin_create_kpi_source_manual" time="1.021" /><testcase classname="tests.test_kpi.TestKpiValidation" name="test_unknown_channel_rejected" time="0.102" /><testcase classname="tests.test_kpi.TestKpiValidation" name="test_unknown_source_type_filter_rejected" time="0.317" /><testcase classname="tests.test_kpi.TestKpiValidation" name="test_all_zero_without_notes_rejected" time="0.098" /><testcase classname="tests.test_kpi.TestKpiValidation" name="test_all_zero_with_notes_accepted" time="0.253" /><testcase classname="tests.test_kpi.TestKpiCrud" name="test_marketing_can_create_kpi" time="0.825" /><testcase classname="tests.test_kpi.TestKpiTenantIsolation" name="test_tenant_a_cannot_get_tenant_b_kpi" time="1.269" /><testcase classname="tests.test_kpi.TestKpiCrud" name="test_sales_cannot_create_kpi" time="1.149" /><testcase classname="tests.test_kpi.TestKpiTenantIsolation" name="test_tenant_a_cannot_reference_tenant_b_campaign" time="0.353" /><testcase classname="tests.test_kpi.TestKpiTenantIsolation" name="test_global_dashboard_scoped_by_tenant" time="0.419" /><testcase classname="tests.test_kpi.TestKpiCrud" name="test_viewer_cannot_create_kpi" time="0.742" /><testcase classname="tests.test_kpi.TestKpiCrud" name="test_sales_can_get_kpis" time="0.104" /><testcase classname="tests.test_kpi.TestKpiCsv" name="test_dry_run_mixed" time="0.394" /><testcase classname="tests.test_kpi.TestKpiCrud" name="test_viewer_can_get_kpis" time="0.141" /><testcase classname="tests.test_kpi.TestKpiCrud" name="test_patch_kpi_audit" time="0.334" /><testcase classname="tests.test_kpi.TestKpiCsv" name="test_import_atomic_reject" time="0.466" /><testcase classname="tests.test_kpi.TestKpiCrud" name="test_delete_kpi_admin_only" time="0.361" /><testcase classname="tests.test_kpi.TestKpiCsv" name="test_import_happy_path" time="0.091"><failure message="AssertionError: Internal Server Error&#10;assert 500 == 200&#10; +  where 500 = &lt;Response [500]&gt;.status_code">backend/tests/test_kpi.py:390: in test_import_happy_path
    assert r.status_code == 200, r.text
E   AssertionError: Internal Server Error
E   assert 500 == 200
E    +  where 500 = &lt;Response [500]&gt;.status_code</failure></testcase><testcase classname="tests.test_kpi.TestKpiAuditSanitization" name="test_notes_secret_redacted" time="0.372" /><testcase classname="tests.test_kpi.TestKpiDashboards" name="test_no_verified_metrics_status" time="0.832" /><testcase classname="tests.test_kpi.TestKpiDashboards" name="test_event_dashboard_aggregations_and_rates" time="0.707"><failure message="assert 500 == 200&#10; +  where 500 = &lt;Response [500]&gt;.status_code">backend/tests/test_kpi.py:452: in test_event_dashboard_aggregations_and_rates
    assert imp.status_code == 200
E   assert 500 == 200
E    +  where 500 = &lt;Response [500]&gt;.status_code</failure></testcase><testcase classname="tests.test_kpi.TestKpiDashboards" name="test_divide_by_zero_returns_zero" time="0.901" /></testsuite></testsuites>