<?xml version="1.0" encoding="utf-8"?><testsuites name="pytest tests"><testsuite name="pytest" errors="0" failures="0" skipped="0" tests="129" time="27.319" timestamp="2026-07-04T10:30:08.946366+00:00" hostname="agent-env-d6112d11-af41-4623-bef9-c4eba41a0573"><testcase classname="tests.test_planner" name="test_crud_lifecycle[content-requirements]" time="1.024" /><testcase classname="tests.test_kpi.TestKpiCrud" name="test_admin_create_kpi_source_manual" time="1.177" /><testcase classname="tests.test_planner" name="test_crud_lifecycle[email-plans]" time="0.037" /><testcase classname="tests.test_planner" name="test_crud_lifecycle[whatsapp-plans]" time="0.018" /><testcase classname="tests.test_planner" name="test_crud_lifecycle[upsell-plans]" time="0.017" /><testcase classname="tests.test_planner" name="test_crud_lifecycle[budget-plans]" time="0.016" /><testcase classname="tests.test_planner" name="test_crud_lifecycle[dark-ad-plans]" time="0.049" /><testcase classname="tests.test_planner" name="test_crud_lifecycle[sales-tasks]" time="0.020" /><testcase classname="tests.test_kpi.TestKpiCrud" name="test_marketing_can_create_kpi" time="1.487" /><testcase classname="tests.test_kpi.TestKpiCrud" name="test_sales_cannot_create_kpi" time="1.451" /><testcase classname="tests.test_planner" name="test_rbac_write_matrix[content-requirements]" time="2.937" /><testcase classname="tests.test_planner" name="test_rbac_write_matrix[email-plans]" time="0.045" /><testcase classname="tests.test_planner" name="test_rbac_write_matrix[whatsapp-plans]" time="0.023" /><testcase classname="tests.test_planner" name="test_rbac_write_matrix[upsell-plans]" time="0.022" /><testcase classname="tests.test_planner" name="test_rbac_write_matrix[budget-plans]" time="0.269" /><testcase classname="tests.test_planner" name="test_rbac_write_matrix[dark-ad-plans]" time="0.026" /><testcase classname="tests.test_planner" name="test_rbac_write_matrix[sales-tasks]" time="0.059" /><testcase classname="tests.test_planner" name="test_get_all_roles_can_read" time="0.339" /><testcase classname="tests.test_kpi.TestKpiCrud" name="test_viewer_cannot_create_kpi" time="0.858" /><testcase classname="tests.test_planner" name="test_enum_content_asset_type_bogus" time="0.003" /><testcase classname="tests.test_planner" name="test_enum_email_goal_bogus" time="0.003" /><testcase classname="tests.test_planner" name="test_enum_budget_channel_bogus" time="0.003" /><testcase classname="tests.test_planner" name="test_enum_patch_email_approval_status" time="0.042" /><testcase classname="tests.test_planner" name="test_tenant_isolation_cross_event" time="0.100" /><testcase classname="tests.test_kpi.TestKpiCrud" name="test_sales_can_get_kpis" time="0.134" /><testcase classname="tests.test_planner" name="test_tenant_isolation_list_does_not_leak" time="0.010" /><testcase classname="tests.test_planner" name="test_audit_entries_written" time="0.103" /><testcase classname="tests.test_kpi.TestKpiCrud" name="test_viewer_can_get_kpis" time="0.148" /><testcase classname="tests.test_planner" name="test_summary_content_counts_and_overdue" time="0.017" /><testcase classname="tests.test_planner" name="test_summary_approved_counts" time="0.028" /><testcase classname="tests.test_planner" name="test_summary_budget_by_channel" time="0.055" /><testcase classname="tests.test_kpi.TestKpiCrud" name="test_patch_kpi_audit" time="0.527" /><testcase classname="tests.test_planner" name="test_summary_budget_channel_only_in_kpi" time="0.013" /><testcase classname="tests.test_planner" name="test_summary_sales_tasks" time="0.016" /><testcase classname="tests.test_planner" name="test_summary_dark_ads_by_status" time="0.066" /><testcase classname="tests.test_planner" name="test_event_dashboard_includes_planner" time="0.014" /><testcase classname="tests.test_planner" name="test_global_dashboard_excludes_planner" time="0.002" /><testcase classname="tests.test_planner" name="test_no_send_routes_added" time="0.000" /><testcase classname="tests.test_planner" name="test_summary_empty_event" time="0.010" /><testcase classname="tests.test_planner" name="test_summary_cross_tenant_404" time="0.018" /><testcase classname="tests.test_kpi.TestKpiCrud" name="test_delete_kpi_admin_only" time="0.852" /><testcase classname="tests.test_kpi.TestKpiValidation" name="test_negative_value_rejected" time="0.715" /><testcase classname="tests.test_kpi.TestKpiValidation" name="test_unknown_channel_rejected" time="0.095" /><testcase classname="tests.test_kpi.TestKpiValidation" name="test_unknown_source_type_filter_rejected" time="0.146" /><testcase classname="tests.test_kpi.TestKpiValidation" name="test_all_zero_without_notes_rejected" time="0.093" /><testcase classname="tests.test_kpi.TestKpiValidation" name="test_all_zero_with_notes_accepted" time="0.242" /><testcase classname="tests.backend_test.TestAuth" name="test_login_and_me" time="0.708" /><testcase classname="tests.backend_test.TestAuth" name="test_jwt_contains_tenant_id" time="0.000" /><testcase classname="tests.backend_test.TestAuth" name="test_login_bad_credentials" time="0.559" /><testcase classname="tests.backend_test.TestAuth" name="test_me_without_token" time="0.091" /><testcase classname="tests.backend_test.TestTenantIsolation" name="test_second_admin_cannot_see_tenant1_events" time="1.445" /><testcase classname="tests.backend_test.TestTenantIsolation" name="test_second_admin_cannot_get_tenant1_event" time="0.136" /><testcase classname="tests.backend_test.TestTenantIsolation" name="test_second_admin_cannot_patch_tenant1_event" time="0.096" /><testcase classname="tests.backend_test.TestPosts" name="test_create_post_zero_metrics" time="0.319" /><testcase classname="tests.backend_test.TestTenantIsolation" name="test_second_admin_cannot_delete_tenant1_event" time="0.149" /><testcase classname="tests.backend_test.TestPosts" name="test_list_posts_still_zero" time="0.094" /><testcase classname="tests.backend_test.TestTenantIsolation" name="test_second_admin_audit_logs_scoped" time="0.195" /><testcase classname="tests.backend_test.TestPosts" name="test_patch_post_manual_reach_sets_source" time="0.101" /><testcase classname="tests.backend_test.TestPosts" name="test_patch_post_approve" time="0.110" /><testcase classname="tests.backend_test.TestTenantIsolation" name="test_second_admin_cannot_see_tenant1_llm_keys" time="0.311" /><testcase classname="tests.backend_test.TestAuditLogs" name="test_login_success_recorded" time="0.705" /><testcase classname="tests.backend_test.TestAuditLogs" name="test_login_failure_recorded" time="0.704" /><testcase classname="tests.backend_test.TestAuditLogs" name="test_event_and_integration_audit" time="0.174" /><testcase classname="tests.test_ghl.TestMappingRbac" name="test_sales_cannot_create" time="1.820" /><testcase classname="tests.backend_test.TestAuditLogs" name="test_audit_never_contains_secret" time="0.367" /><testcase classname="tests.test_ghl.TestMappingRbac" name="test_viewer_cannot_create" time="0.743" /><testcase classname="tests.test_ghl.TestMappingRbac" name="test_marketing_can_create" time="0.910" /><testcase classname="tests.test_ghl.TestMappingRbac" name="test_admin_can_create" time="0.003" /><testcase classname="tests.backend_test.TestEvents" name="test_list_events" time="0.144" /><testcase classname="tests.backend_test.TestEvents" name="test_get_event" time="0.112" /><testcase classname="tests.backend_test.TestEvents" name="test_patch_event" time="0.116" /><testcase classname="tests.backend_test.TestLLMKeys" name="test_add_llm_key_masked" time="0.103" /><testcase classname="tests.backend_test.TestLLMKeys" name="test_list_llm_keys_never_raw" time="0.123" /><testcase classname="tests.backend_test.TestLLMKeys" name="test_delete_llm_key" time="0.120" /><testcase classname="tests.test_ghl.TestPullSyncRbac" name="test_sales_forbidden" time="1.978" /><testcase classname="tests.backend_test.TestIntegrations" name="test_add_integration_credential_saved" time="0.112" /><testcase classname="tests.backend_test.TestIntegrations" name="test_reject_invalid_kind" time="0.100" /><testcase classname="tests.backend_test.TestIntegrations" name="test_delete_integration" time="0.116" /><testcase classname="tests.backend_test.TestUsersRBAC" name="test_admin_create_user_audit_no_password" time="0.703" /><testcase classname="tests.test_ghl.TestPullSyncRbac" name="test_viewer_forbidden" time="0.684" /><testcase classname="tests.backend_test.TestUsersRBAC" name="test_non_admin_cannot_list_audit_logs" time="0.626" /><testcase classname="tests.test_ghl.TestPullSyncRbac" name="test_marketing_allowed" time="0.790" /><testcase classname="tests.test_ghl.TestPullSyncRbac" name="test_admin_allowed" time="0.003" /><testcase classname="tests.backend_test.TestDashboardsHonest" name="test_global_dashboard_no_verified" time="0.187" /><testcase classname="tests.backend_test.TestDashboardsHonest" name="test_event_dashboard_no_verified" time="0.104" /><testcase classname="tests.backend_test.TestUsersRBAC" name="test_admin_delete_user" time="0.099" /><testcase classname="tests.backend_test.TestDashboardsHonest" name="test_global_verified_after_kpi_record" time="0.358" /><testcase classname="tests.test_ghl.TestMappingValidation" name="test_bogus_target_value" time="0.002" /><testcase classname="tests.test_ghl.TestMappingValidation" name="test_bogus_direction" time="0.002" /><testcase classname="tests.test_ghl.TestMappingValidation" name="test_missing_ghl_name_for_tag" time="0.002" /><testcase classname="tests.test_ghl.TestPullPreviewRbac" name="test_viewer_forbidden" time="0.002" /><testcase classname="tests.test_ghl.TestPullPreviewRbac" name="test_sales_allowed" time="0.003" /><testcase classname="tests.test_ghl.TestPullPreviewRbac" name="test_marketing_allowed" time="0.002" /><testcase classname="tests.test_kpi.TestKpiTenantIsolation" name="test_tenant_a_cannot_get_tenant_b_kpi" time="1.327" /><testcase classname="tests.test_kpi.TestKpiCsv" name="test_dry_run_mixed" time="1.551" /><testcase classname="tests.test_kpi.TestKpiTenantIsolation" name="test_tenant_a_cannot_reference_tenant_b_campaign" time="0.292" /><testcase classname="tests.test_kpi.TestKpiTenantIsolation" name="test_global_dashboard_scoped_by_tenant" time="0.244" /><testcase classname="tests.test_kpi.TestKpiDashboards" name="test_no_verified_metrics_status" time="0.102" /><testcase classname="tests.test_kpi.TestKpiCsv" name="test_import_atomic_reject" time="0.494" /><testcase classname="tests.test_kpi.TestKpiDashboards" name="test_event_dashboard_aggregations_and_rates" time="0.537" /><testcase classname="tests.test_kpi.TestKpiCsv" name="test_import_happy_path" time="0.730" /><testcase classname="tests.test_kpi.TestKpiDashboards" name="test_divide_by_zero_returns_zero" time="0.756" /><testcase classname="tests.backend_test.TestCampaigns" name="test_list_campaigns_by_event" time="0.189" /><testcase classname="tests.backend_test.TestSocial" name="test_add_social_masked" time="1.139" /><testcase classname="tests.backend_test.TestCampaigns" name="test_patch_campaign" time="3.210" /><testcase classname="tests.backend_test.TestSocial" name="test_delete_social" time="2.168" /><testcase classname="tests.backend_test.TestCORS" name="test_evil_origin_not_allowed" time="0.002" /><testcase classname="tests.backend_test.TestCORS" name="test_localhost_origin_allowed" time="0.001" /><testcase classname="tests.backend_test.TestZCleanup" name="test_delete_campaign" time="0.132" /><testcase classname="tests.backend_test.TestEnvValidation" name="test_env_no_wildcard_cors" time="0.000" /><testcase classname="tests.backend_test.TestEnvValidation" name="test_server_source_validates_required_env" time="0.001" /><testcase classname="tests.test_ghl.TestPullPreviewBlocked" name="test_blocked_no_credential" time="0.005" /><testcase classname="tests.test_ghl.TestPullPreviewBlocked" name="test_blocked_when_read_sync_disabled" time="0.007" /><testcase classname="tests.test_ghl.TestWriteBackBlocked" name="test_blocked_no_credential" time="0.011" /><testcase classname="tests.test_ghl.TestWriteBackBlocked" name="test_blocked_when_lead_is_local" time="0.009" /><testcase classname="tests.test_ghl.TestSecretSanitizationAndDashboards" name="test_secret_never_in_audit_or_integrations" time="0.020" /><testcase classname="tests.test_ghl.TestSecretSanitizationAndDashboards" name="test_dashboards_include_ghl_fields" time="0.026" /><testcase classname="tests.backend_test.TestZCleanup" name="test_delete_event" time="0.120" /><testcase classname="tests.test_ghl.TestMappingTenantIsolation" name="test_tenant_isolation" time="0.007" /><testcase classname="tests.test_ghl.TestMappingStatusTransitions" name="test_transitions" time="0.015" /><testcase classname="tests.test_ghl.TestPullPreviewHappy" name="test_happy_path" time="0.032" /><testcase classname="tests.test_ghl.TestPullSyncHappy" name="test_insert_then_update" time="0.070" /><testcase classname="tests.test_ghl.TestGhlStatus" name="test_status_without_integration" time="0.009" /><testcase classname="tests.test_ghl.TestGhlStatus" name="test_status_after_integration_added" time="0.006" /><testcase classname="tests.test_ghl.TestPullSyncEmailFallback" name="test_email_fallback" time="0.069" /><testcase classname="tests.test_ghl.TestPullSyncPurchaseOverride" name="test_purchase_override" time="0.067" /><testcase classname="tests.test_ghl.TestPullSyncTenantIsolation" name="test_tenant_isolation" time="0.018" /><testcase classname="tests.test_ghl.TestWriteBackHappy" name="test_happy_path" time="0.113" /><testcase classname="tests.test_kpi.TestKpiAuditSanitization" name="test_notes_secret_redacted" time="0.973" /></testsuite></testsuites>