<?xml version="1.0" encoding="utf-8"?><testsuites name="pytest tests"><testsuite name="pytest" errors="0" failures="0" skipped="0" tests="33" time="15.152" timestamp="2026-07-04T08:28:22.589097+00:00" hostname="agent-env-d6112d11-af41-4623-bef9-c4eba41a0573"><testcase classname="tests.backend_test.TestAuth" name="test_login_and_me" time="0.632" /><testcase classname="tests.backend_test.TestUsersRBAC" name="test_admin_create_user" time="1.203" /><testcase classname="tests.backend_test.TestAuth" name="test_login_bad_credentials" time="0.318" /><testcase classname="tests.backend_test.TestAuth" name="test_me_without_token" time="0.252" /><testcase classname="tests.backend_test.TestUsersRBAC" name="test_list_users_as_admin" time="0.093" /><testcase classname="tests.backend_test.TestEvents" name="test_list_events" time="0.187" /><testcase classname="tests.backend_test.TestUsersRBAC" name="test_non_admin_cannot_list_users" time="0.434" /><testcase classname="tests.backend_test.TestEvents" name="test_get_event" time="0.250" /><testcase classname="tests.backend_test.TestEvents" name="test_patch_event" time="0.102" /><testcase classname="tests.backend_test.TestUsersRBAC" name="test_admin_patch_user" time="0.095" /><testcase classname="tests.backend_test.TestUsersRBAC" name="test_admin_delete_user" time="0.093" /><testcase classname="tests.backend_test.TestPosts" name="test_create_post" time="0.240" /><testcase classname="tests.backend_test.TestLLMKeys" name="test_add_llm_key" time="0.136" /><testcase classname="tests.backend_test.TestPosts" name="test_list_posts" time="0.136" /><testcase classname="tests.backend_test.TestLLMKeys" name="test_list_llm_keys" time="0.094" /><testcase classname="tests.backend_test.TestPosts" name="test_patch_post_approve" time="0.094" /><testcase classname="tests.backend_test.TestLLMKeys" name="test_delete_llm_key" time="0.134" /><testcase classname="tests.backend_test.TestSocial" name="test_add_social" time="0.135" /><testcase classname="tests.backend_test.TestIntegrations" name="test_add_integration" time="0.130" /><testcase classname="tests.backend_test.TestSocial" name="test_list_social" time="0.136" /><testcase classname="tests.backend_test.TestIntegrations" name="test_list_integrations" time="0.093" /><testcase classname="tests.backend_test.TestSocial" name="test_delete_social" time="0.151" /><testcase classname="tests.backend_test.TestIntegrations" name="test_delete_integration" time="0.101" /><testcase classname="tests.backend_test.TestLeads" name="test_create_lead" time="0.139" /><testcase classname="tests.backend_test.TestLeads" name="test_list_leads" time="0.092" /><testcase classname="tests.backend_test.TestCampaigns" name="test_list_campaigns_by_event" time="0.294" /><testcase classname="tests.backend_test.TestLeads" name="test_patch_lead" time="0.098" /><testcase classname="tests.backend_test.TestCampaigns" name="test_patch_campaign" time="0.105" /><testcase classname="tests.backend_test.TestZCleanup" name="test_delete_campaign" time="0.103" /><testcase classname="tests.backend_test.TestDashboard" name="test_global" time="0.090" /><testcase classname="tests.backend_test.TestZCleanup" name="test_delete_event" time="0.094" /><testcase classname="tests.backend_test.TestDashboard" name="test_event_dashboard" time="0.095" /><testcase classname="tests.backend_test.TestLLMGenerate" name="test_generate_post_ideas" time="11.465" /></testsuite></testsuites>